21-2-2026 11:56:26 AM error: User with email or username already exists
Error: User with email or username already exists
    at UserService.registerUser (file:///C:/code/Chai%20aur%20Backend/src/app/services/user.service.js:28:19)
    at process.processTicksAndRejections (node:internal/process/task_queues:105:5)
    at async registerUser (file:///C:/code/Chai%20aur%20Backend/src/controllers/user.controller.js:35:26)
21-2-2026 12:53:00 PM error: User with email or username already exists
Error: User with email or username already exists
    at UserService.registerUser (file:///C:/code/Chai%20aur%20Backend/src/app/services/user.service.js:28:19)
    at process.processTicksAndRejections (node:internal/process/task_queues:105:5)
    at async registerUser (file:///C:/code/Chai%20aur%20Backend/src/controllers/user.controller.js:35:26)
21-2-2026 12:57:16 PM error: User with email or username already exists
Error: User with email or username already exists
    at UserService.registerUser (file:///C:/code/Chai%20aur%20Backend/src/app/services/user.service.js:28:19)
    at process.processTicksAndRejections (node:internal/process/task_queues:105:5)
    at async registerUser (file:///C:/code/Chai%20aur%20Backend/src/controllers/user.controller.js:35:26)
22-2-2026 01:00:16 PM error: Avatar file is required
Error: Avatar file is required
    at UserService.registerUser (file:///C:/code/Chai%20aur%20Backend/src/app/services/user.service.js:39:19)
    at process.processTicksAndRejections (node:internal/process/task_queues:105:5)
    at async registerUser (file:///C:/code/Chai%20aur%20Backend/src/controllers/user.controller.js:35:26)
22-2-2026 01:01:12 PM error: Avatar file is required
Error: Avatar file is required
    at UserService.registerUser (file:///C:/code/Chai%20aur%20Backend/src/app/services/user.service.js:39:19)
    at process.processTicksAndRejections (node:internal/process/task_queues:105:5)
    at async registerUser (file:///C:/code/Chai%20aur%20Backend/src/controllers/user.controller.js:35:26)
22-2-2026 01:01:20 PM error: Avatar file is required
Error: Avatar file is required
    at UserService.registerUser (file:///C:/code/Chai%20aur%20Backend/src/app/services/user.service.js:39:19)
    at process.processTicksAndRejections (node:internal/process/task_queues:105:5)
    at async registerUser (file:///C:/code/Chai%20aur%20Backend/src/controllers/user.controller.js:35:26)
22-2-2026 01:01:22 PM error: Avatar file is required
Error: Avatar file is required
    at UserService.registerUser (file:///C:/code/Chai%20aur%20Backend/src/app/services/user.service.js:39:19)
    at process.processTicksAndRejections (node:internal/process/task_queues:105:5)
    at async registerUser (file:///C:/code/Chai%20aur%20Backend/src/controllers/user.controller.js:35:26)
22-2-2026 01:01:25 PM error: Avatar file is required
Error: Avatar file is required
    at UserService.registerUser (file:///C:/code/Chai%20aur%20Backend/src/app/services/user.service.js:39:19)
    at process.processTicksAndRejections (node:internal/process/task_queues:105:5)
    at async registerUser (file:///C:/code/Chai%20aur%20Backend/src/controllers/user.controller.js:35:26)
